<?xml version="1.0" encoding="UTF-8"?>
<!-- Generated by org.testng.reporters.JUnitXMLReporter -->
<testsuite hostname="360NDCLP063" ignored="4" name="Default test" tests="1" failures="0" timestamp="2020-07-08T16:04:31 IST" time="36.501" errors="0">
  <testcase name="TestClassicCRM" time="5.597" classname="com.crm.qa.TestScripts.LoginTest"/>
  <testcase name="LoginPageValidation" time="0.0" classname="com.crm.qa.TestScripts.LoginTest">
    <ignored/>
  </testcase> <!-- LoginPageValidation -->
  <testcase name="TestInvalidLogin" time="0.0" classname="com.crm.qa.TestScripts.LoginTest">
    <ignored/>
  </testcase> <!-- TestInvalidLogin -->
  <testcase name="TestForgotPassword" time="0.0" classname="com.crm.qa.TestScripts.LoginTest">
    <ignored/>
  </testcase> <!-- TestForgotPassword -->
  <testcase name="TestValidLogin" time="0.0" classname="com.crm.qa.TestScripts.LoginTest">
    <ignored/>
  </testcase> <!-- TestValidLogin -->
</testsuite> <!-- Default test -->
