<?xml version="1.0" encoding="UTF-8"?>
<!-- Generated by org.testng.reporters.JUnitXMLReporter -->
<testsuite hostname="360NDCLP063" ignored="4" name="Demo CRM Testcase" tests="2" failures="0" timestamp="2020-07-19T01:46:46 IST" time="138.198" errors="0">
  <testcase name="@BeforeMethod setUp" time="138.071" classname="com.crm.qa.base.BaseClass">
    <failure type="java.lang.NullPointerException">
      <![CDATA[java.lang.NullPointerException
at com.crm.qa.base.BaseClass.setUp(BaseClass.java:122)
at java.util.ArrayList.forEach(ArrayList.java:1249)
... Removed 31 stack frames]]>
    </failure>
  </testcase> <!-- @BeforeMethod setUp -->
  <testcase name="@BeforeMethod setUp2" time="-1.595103406806E9" classname="com.crm.qa.base.BaseClass">
    <skipped/>
  </testcase> <!-- @BeforeMethod setUp2 -->
  <testcase name="@BeforeMethod setUp" time="-1.595103406832E9" classname="com.crm.qa.base.BaseClass">
    <skipped/>
  </testcase> <!-- @BeforeMethod setUp -->
  <testcase name="@BeforeMethod setUp2" time="-1.595103406835E9" classname="com.crm.qa.base.BaseClass">
    <skipped/>
  </testcase> <!-- @BeforeMethod setUp2 -->
  <testcase name="LoginPageValidation" time="0.0" classname="com.crm.qa.TestScripts.LoginTest">
    <skipped/>
  </testcase> <!-- LoginPageValidation -->
  <testcase name="TestValidLogin" time="0.0" classname="com.crm.qa.TestScripts.LoginTest">
    <skipped/>
  </testcase> <!-- TestValidLogin -->
  <testcase name="TestInvalidLogin" time="0.0" classname="com.crm.qa.TestScripts.LoginTest">
    <ignored/>
  </testcase> <!-- TestInvalidLogin -->
  <testcase name="TestForgotPassword" time="0.0" classname="com.crm.qa.TestScripts.LoginTest">
    <ignored/>
  </testcase> <!-- TestForgotPassword -->
  <testcase name="TestSignUp" time="0.0" classname="com.crm.qa.TestScripts.LoginTest">
    <ignored/>
  </testcase> <!-- TestSignUp -->
  <testcase name="TestClassicCRM" time="0.0" classname="com.crm.qa.TestScripts.LoginTest">
    <ignored/>
  </testcase> <!-- TestClassicCRM -->
</testsuite> <!-- Demo CRM Testcase -->
