<?xml version="1.0" encoding="UTF-8"?>
<testng-results skipped="0" failed="0" ignored="4" total="5" passed="1">
  <reporter-output>
  </reporter-output>
  <suite name="Default suite" duration-ms="36501" started-at="2020-07-08T16:03:54 IST" finished-at="2020-07-08T16:04:31 IST">
    <groups>
    </groups>
    <test name="Default test" duration-ms="36501" started-at="2020-07-08T16:03:54 IST" finished-at="2020-07-08T16:04:31 IST">
      <class name="com.crm.qa.TestScripts.LoginTest">
        <test-method status="PASS" signature="setUp()[pri:0, instance:com.crm.qa.TestScripts.LoginTest@1f7030a6]" name="setUp" is-config="true" duration-ms="29266" started-at="2020-07-08T16:03:54 IST" finished-at="2020-07-08T16:04:24 IST">
          <reporter-output>
          </reporter-output>
        </test-method> <!-- setUp -->
        <test-method status="PASS" signature="TestClassicCRM()[pri:0, instance:com.crm.qa.TestScripts.LoginTest@1f7030a6]" name="TestClassicCRM" duration-ms="5597" started-at="2020-07-08T16:04:24 IST" finished-at="2020-07-08T16:04:29 IST">
          <reporter-output>
          </reporter-output>
        </test-method> <!-- TestClassicCRM -->
        <test-method status="PASS" signature="tearDown()[pri:0, instance:com.crm.qa.TestScripts.LoginTest@1f7030a6]" name="tearDown" is-config="true" duration-ms="1569" started-at="2020-07-08T16:04:29 IST" finished-at="2020-07-08T16:04:31 IST">
          <reporter-output>
          </reporter-output>
        </test-method> <!-- tearDown -->
      </class> <!-- com.crm.qa.TestScripts.LoginTest -->
    </test> <!-- Default test -->
  </suite> <!-- Default suite -->
</testng-results>
